0 info it worked if it ends with ok
1 verbose cli [ '/usr/local/bin/node', '/usr/local/bin/npm', 'publish' ]
2 info using npm@3.10.8
3 info using node@v6.5.0
4 verbose publish [ '.' ]
5 silly cache add args [ '.', null ]
6 verbose cache add spec .
7 silly cache add parsed spec Result {
7 silly cache add   raw: '.',
7 silly cache add   scope: null,
7 silly cache add   escapedName: null,
7 silly cache add   name: null,
7 silly cache add   rawSpec: '.',
7 silly cache add   spec: '/Users/StrictDev/Documents/update/js-base64',
7 silly cache add   type: 'directory' }
8 verbose addLocalDirectory /Users/StrictDev/.npm/@strictd/js-base64/2.1.10/package.tgz not in flight; packing
9 verbose correctMkdir /Users/StrictDev/.npm correctMkdir not in flight; initializing
10 info lifecycle @strictd/js-base64@2.1.10~prepublish: @strictd/js-base64@2.1.10
11 silly lifecycle @strictd/js-base64@2.1.10~prepublish: no script for prepublish, continuing
12 verbose tar pack [ '/Users/StrictDev/.npm/@strictd/js-base64/2.1.10/package.tgz',
12 verbose tar pack   '/Users/StrictDev/Documents/update/js-base64' ]
13 verbose tarball /Users/StrictDev/.npm/@strictd/js-base64/2.1.10/package.tgz
14 verbose folder /Users/StrictDev/Documents/update/js-base64
15 verbose addLocalTarball adding from inside cache /Users/StrictDev/.npm/@strictd/js-base64/2.1.10/package.tgz
16 verbose correctMkdir /Users/StrictDev/.npm correctMkdir not in flight; initializing
17 silly cache afterAdd @strictd/js-base64@2.1.10
18 verbose afterAdd /Users/StrictDev/.npm/@strictd/js-base64/2.1.10/package/package.json not in flight; writing
19 verbose correctMkdir /Users/StrictDev/.npm correctMkdir not in flight; initializing
20 verbose afterAdd /Users/StrictDev/.npm/@strictd/js-base64/2.1.10/package/package.json written
21 silly publish { name: '@strictd/js-base64',
21 silly publish   version: '2.1.10',
21 silly publish   description: 'Yet another Base64 transcoder in pure-JS',
21 silly publish   main: 'base64.js',
21 silly publish   directories: { test: 'test' },
21 silly publish   scripts: { test: 'mocha' },
21 silly publish   devDependencies: { mocha: '*' },
21 silly publish   repository: { type: 'git', url: 'git://github.com/strictd/js-base64.git' },
21 silly publish   keywords: [ 'base64' ],
21 silly publish   author: { name: 'Dan Kogai' },
21 silly publish   license: 'BSD',
21 silly publish   readmeFilename: 'README.md',
21 silly publish   gitHead: '8bfa436f733bec60c95c720e1d720c28b43ae0b2',
21 silly publish   readme: 'Adds extended exports, see [Original Package](https://www.npmjs.com/package/js-base64)\n',
21 silly publish   bugs: { url: 'https://github.com/strictd/js-base64/issues' },
21 silly publish   homepage: 'https://github.com/strictd/js-base64#readme',
21 silly publish   _id: '@strictd/js-base64@2.1.10',
21 silly publish   _shasum: '602fcb1bce96f4b76416dc363fde1e032f54817f',
21 silly publish   _from: '.' }
22 verbose getPublishConfig undefined
23 silly mapToRegistry name @strictd/js-base64
24 silly mapToRegistry scope (from package name) @strictd
25 verbose mapToRegistry no registry URL found in name for scope @strictd
26 silly mapToRegistry using default registry
27 silly mapToRegistry registry https://registry.npmjs.org/
28 silly mapToRegistry data Result {
28 silly mapToRegistry   raw: '@strictd/js-base64',
28 silly mapToRegistry   scope: '@strictd',
28 silly mapToRegistry   escapedName: '@strictd%2fjs-base64',
28 silly mapToRegistry   name: '@strictd/js-base64',
28 silly mapToRegistry   rawSpec: '',
28 silly mapToRegistry   spec: 'latest',
28 silly mapToRegistry   type: 'tag' }
29 silly mapToRegistry uri https://registry.npmjs.org/@strictd%2fjs-base64
30 verbose publish registryBase https://registry.npmjs.org/
31 silly publish uploading /Users/StrictDev/.npm/@strictd/js-base64/2.1.10/package.tgz
32 verbose request uri https://registry.npmjs.org/@strictd%2fjs-base64
33 verbose request sending authorization for write operation
34 info attempt registry request try #1 at 10:59:58 AM
35 verbose request using bearer token for auth
36 verbose request id 799919c1323c1edd
37 http request PUT https://registry.npmjs.org/@strictd%2fjs-base64
38 http 403 https://registry.npmjs.org/@strictd%2fjs-base64
39 verbose headers { 'content-type': 'application/json',
39 verbose headers   'cache-control': 'max-age=0',
39 verbose headers   'content-length': '129',
39 verbose headers   'accept-ranges': 'bytes',
39 verbose headers   date: 'Sun, 16 Oct 2016 17:59:59 GMT',
39 verbose headers   via: '1.1 varnish',
39 verbose headers   connection: 'keep-alive',
39 verbose headers   'x-served-by': 'cache-sea1925-SEA',
39 verbose headers   'x-cache': 'MISS',
39 verbose headers   'x-cache-hits': '0',
39 verbose headers   'x-timer': 'S1476640799.230001,VS0,VE324' }
40 verbose request invalidating /Users/StrictDev/.npm/registry.npmjs.org/_40strictd_252fjs-base64 on PUT
41 error publish Failed PUT 403
42 verbose stack Error: "You cannot publish over the previously published version 2.1.10. Try bumping the version to 3.0.0" : @strictd/js-base64
42 verbose stack     at makeError (/usr/local/lib/node_modules/npm/node_modules/npm-registry-client/lib/request.js:302:12)
42 verbose stack     at CachingRegistryClient.<anonymous> (/usr/local/lib/node_modules/npm/node_modules/npm-registry-client/lib/request.js:290:14)
42 verbose stack     at Request._callback (/usr/local/lib/node_modules/npm/node_modules/npm-registry-client/lib/request.js:210:14)
42 verbose stack     at Request.self.callback (/usr/local/lib/node_modules/npm/node_modules/request/request.js:187:22)
42 verbose stack     at emitTwo (events.js:106:13)
42 verbose stack     at Request.emit (events.js:191:7)
42 verbose stack     at Request.<anonymous> (/usr/local/lib/node_modules/npm/node_modules/request/request.js:1044:10)
42 verbose stack     at emitOne (events.js:96:13)
42 verbose stack     at Request.emit (events.js:188:7)
42 verbose stack     at IncomingMessage.<anonymous> (/usr/local/lib/node_modules/npm/node_modules/request/request.js:965:12)
43 verbose statusCode 403
44 verbose pkgid @strictd/js-base64
45 verbose cwd /Users/StrictDev/Documents/update/js-base64
46 error Darwin 15.6.0
47 error argv "/usr/local/bin/node" "/usr/local/bin/npm" "publish"
48 error node v6.5.0
49 error npm  v3.10.8
50 error code E403
51 error "You cannot publish over the previously published version 2.1.10. Try bumping the version to 3.0.0" : @strictd/js-base64
52 error If you need help, you may report this error at:
52 error     <https://github.com/npm/npm/issues>
53 verbose exit [ 1, true ]
